d:\apexdma\apex\x64\release\inputmanager.obj
d:\apexdma\apex\x64\release\imgui.obj
d:\apexdma\apex\x64\release\imgui_widgets.obj
d:\apexdma\apex\x64\release\imgui_impl_dx11.obj
d:\apexdma\apex\x64\release\memory.obj
d:\apexdma\apex\x64\release\pch.obj
d:\apexdma\apex\x64\release\registry.obj
d:\apexdma\apex\x64\release\imgui_impl_win32.obj
d:\apexdma\apex\x64\release\config.obj
d:\apexdma\apex\x64\release\dmalibrary.obj
d:\apexdma\apex\x64\release\main.obj
d:\apexdma\apex\x64\release\kmboxnet.obj
d:\apexdma\apex\x64\release\render.obj
d:\apexdma\apex\x64\release\imgui_tables.obj
d:\apexdma\apex\x64\release\imgui_draw.obj
d:\apexdma\apex\x64\release\shellcode.obj
d:\apexdma\apex\x64\release\vc143.pdb
d:\apexdma\x64\release\lesous.exe
d:\apexdma\x64\release\lesous.pdb
d:\apexdma\apex\x64\release\apex.res
d:\apexdma\apex\x64\release\lesous.ipdb
d:\apexdma\apex\x64\release\lesous.iobj
d:\apexdma\apex\x64\release\apex.tlog\cl.1580.write.1.tlog
d:\apexdma\apex\x64\release\apex.tlog\cl.command.1.tlog
d:\apexdma\apex\x64\release\apex.tlog\cl.items.tlog
d:\apexdma\apex\x64\release\apex.tlog\cl.read.1.tlog
d:\apexdma\apex\x64\release\apex.tlog\link.command.1.tlog
d:\apexdma\apex\x64\release\apex.tlog\link.read.1.tlog
d:\apexdma\apex\x64\release\apex.tlog\link.secondary.1.tlog
d:\apexdma\apex\x64\release\apex.tlog\link.write.1.tlog
d:\apexdma\apex\x64\release\apex.tlog\rc.command.1.tlog
d:\apexdma\apex\x64\release\apex.tlog\rc.read.1.tlog
d:\apexdma\apex\x64\release\apex.tlog\rc.write.1.tlog
